<?xml version="1.0" encoding="UTF-8"?>
<coverage generated="1539789400736" clover="3.2.0">
  <project timestamp="1539789400736" name="All files">
    <metrics statements="4" coveredstatements="4" conditionals="0" coveredconditionals="0" methods="4" coveredmethods="4" elements="8" coveredelements="8" complexity="0" loc="4" ncloc="4" packages="1" files="1" classes="1">
      <file name="testUtils.js" path="/home/micke/Documents/mickenorlen/nodejs/bowling-game-alpine-webpack/app/public/js/utils/testUtils.js">
        <metrics statements="4" coveredstatements="4" conditionals="0" coveredconditionals="0" methods="4" coveredmethods="4"/>
        <line num="1" count="1" type="stmt"/>
        <line num="2" count="1" type="stmt"/>
        <line num="3" count="1" type="stmt"/>
        <line num="4" count="1" type="stmt"/>
      </file>
    </metrics>
  </project>
</coverage>
