{"/home/micke/Documents/mickenorlen/nodejs/bowling-game-alpine-webpack/app/public/js/utils/testUtils.js": {"path":"/home/micke/Documents/mickenorlen/nodejs/bowling-game-alpine-webpack/app/public/js/utils/testUtils.js","statementMap":{"0":{"start":{"line":1,"column":12},"end":{"line":1,"column":27}},"1":{"start":{"line":1,"column":22},"end":{"line":1,"column":27}},"2":{"start":{"line":2,"column":12},"end":{"line":2,"column":27}},"3":{"start":{"line":2,"column":22},"end":{"line":2,"column":27}},"4":{"start":{"line":3,"column":12},"end":{"line":3,"column":27}},"5":{"start":{"line":3,"column":22},"end":{"line":3,"column":27}},"6":{"start":{"line":4,"column":12},"end":{"line":4,"column":27}},"7":{"start":{"line":4,"column":22},"end":{"line":4,"column":27}}},"fnMap":{"0":{"name":"(anonymous_0)","decl":{"start":{"line":1,"column":12},"end":{"line":1,"column":13}},"loc":{"start":{"line":1,"column":22},"end":{"line":1,"column":27}},"line":1},"1":{"name":"(anonymous_1)","decl":{"start":{"line":2,"column":12},"end":{"line":2,"column":13}},"loc":{"start":{"line":2,"column":22},"end":{"line":2,"column":27}},"line":2},"2":{"name":"(anonymous_2)","decl":{"start":{"line":3,"column":12},"end":{"line":3,"column":13}},"loc":{"start":{"line":3,"column":22},"end":{"line":3,"column":27}},"line":3},"3":{"name":"(anonymous_3)","decl":{"start":{"line":4,"column":12},"end":{"line":4,"column":13}},"loc":{"start":{"line":4,"column":22},"end":{"line":4,"column":27}},"line":4}},"branchMap":{},"s":{"0":1,"1":1,"2":1,"3":1,"4":1,"5":1,"6":1,"7":1},"f":{"0":1,"1":1,"2":1,"3":1},"b":{},"_coverageSchema":"332fd63041d2c1bcb487cc26dd0d5f7d97098a6c","hash":"86be6b813344987b04aaf8a6f5d4397d6d062525"}
}
